<?xml version="1.0" encoding="UTF-8"?>
<!-- Generated by org.testng.reporters.JUnitReportReporter -->
<testsuite skipped="0" hostname="Shuvendu-PC" name="com.test.main.Login" tests="1" failures="0" timestamp="28 Apr 2018 14:39:42 GMT" time="24.938" errors="0">
  <testcase name="SetUp" time="24.938" classname="com.test.main.Login"/>
</testsuite> <!-- com.test.main.Login -->
